[    83.162] (--) Log file renamed from "/home/unsis/.local/share/xorg/Xorg.pid-1642.log" to "/home/unsis/.local/share/xorg/Xorg.0.log"
[    83.163] 
X.Org X Server 1.20.13
X Protocol Version 11, Revision 0
[    83.163] Build Operating System: linux Ubuntu
[    83.163] Current Operating System: Linux unsis-OptiPlex-7060 5.13.0-30-generic #33~20.04.1-Ubuntu SMP Mon Feb 7 14:25:10 UTC 2022 x86_64
[    83.163] Kernel command line: BOOT_IMAGE=/boot/vmlinuz-5.13.0-30-generic root=UUID=a79da038-e62e-46d7-8fae-35f3b956c89f ro quiet splash vt.handoff=7
[    83.163] Build Date: 14 December 2021  02:14:13PM
[    83.163] xorg-server 2:1.20.13-1ubuntu1~20.04.2 (For technical support please see http://www.ubuntu.com/support) 
[    83.164] Current version of pixman: 0.38.4
[    83.164] 	Before reporting problems, check http://wiki.x.org
	to make sure that you have the latest version.
[    83.164] Markers: (--) probed, (**) from config file, (==) default setting,
	(++) from command line, (!!) notice, (II) informational,
	(WW) warning, (EE) error, (NI) not implemented, (??) unknown.
[    83.164] (==) Log file: "/home/unsis/.local/share/xorg/Xorg.0.log", Time: Mon Mar  7 07:59:17 2022
[    83.375] (==) Using system config directory "/usr/share/X11/xorg.conf.d"
[    83.437] (==) No Layout section.  Using the first Screen section.
[    83.437] (==) No screen section available. Using defaults.
[    83.437] (**) |-->Screen "Default Screen Section" (0)
[    83.437] (**) |   |-->Monitor "<default monitor>"
[    83.482] (==) No monitor specified for screen "Default Screen Section".
	Using a default monitor configuration.
[    83.482] (==) Automatically adding devices
[    83.482] (==) Automatically enabling devices
[    83.482] (==) Automatically adding GPU devices
[    83.482] (==) Automatically binding GPU devices
[    83.482] (==) Max clients allowed: 256, resource mask: 0x1fffff
[    83.482] (WW) The directory "/usr/share/fonts/X11/cyrillic" does not exist.
[    83.482] 	Entry deleted from font path.
[    83.482] (WW) The directory "/usr/share/fonts/X11/100dpi/" does not exist.
[    83.482] 	Entry deleted from font path.
[    83.482] (WW) The directory "/usr/share/fonts/X11/75dpi/" does not exist.
[    83.482] 	Entry deleted from font path.
[    83.482] (WW) The directory "/usr/share/fonts/X11/100dpi" does not exist.
[    83.482] 	Entry deleted from font path.
[    83.482] (WW) The directory "/usr/share/fonts/X11/75dpi" does not exist.
[    83.482] 	Entry deleted from font path.
[    83.482] (==) FontPath set to:
	/usr/share/fonts/X11/misc,
	/usr/share/fonts/X11/Type1,
	built-ins
[    83.482] (==) ModulePath set to "/usr/lib/xorg/modules"
[    83.482] (II) The server relies on udev to provide the list of input devices.
	If no devices become available, reconfigure udev or disable AutoAddDevices.
[    83.482] (II) Loader magic: 0x557209c87020
[    83.482] (II) Module ABI versions:
[    83.482] 	X.Org ANSI C Emulation: 0.4
[    83.482] 	X.Org Video Driver: 24.1
[    83.482] 	X.Org XInput driver : 24.1
[    83.482] 	X.Org Server Extension : 10.0
[    83.484] (++) using VT number 2

[    83.491] (II) systemd-logind: took control of session /org/freedesktop/login1/session/_32
[    83.494] (II) xfree86: Adding drm device (/dev/dri/card0)
[    83.496] (II) systemd-logind: got fd for /dev/dri/card0 226:0 fd 12 paused 0
[    83.497] (--) PCI:*(0@0:2:0) 8086:3e92:1028:085a rev 0, Mem @ 0x90000000/16777216, 0x80000000/268435456, I/O @ 0x00003000/64, BIOS @ 0x????????/131072
[    83.511] (II) LoadModule: "glx"
[    83.537] (II) Loading /usr/lib/xorg/modules/extensions/libglx.so
[    83.612] (II) Module glx: vendor="X.Org Foundation"
[    83.612] 	compiled for 1.20.13, module version = 1.0.0
[    83.612] 	ABI class: X.Org Server Extension, version 10.0
[    83.612] (==) Matched modesetting as autoconfigured driver 0
[    83.612] (==) Matched fbdev as autoconfigured driver 1
[    83.612] (==) Matched vesa as autoconfigured driver 2
[    83.612] (==) Assigned the driver to the xf86ConfigLayout
[    83.612] (II) LoadModule: "modesetting"
[    83.665] (II) Loading /usr/lib/xorg/modules/drivers/modesetting_drv.so
[    83.744] (II) Module modesetting: vendor="X.Org Foundation"
[    83.744] 	compiled for 1.20.13, module version = 1.20.13
[    83.744] 	Module class: X.Org Video Driver
[    83.744] 	ABI class: X.Org Video Driver, version 24.1
[    83.744] (II) LoadModule: "fbdev"
[    83.745] (II) Loading /usr/lib/xorg/modules/drivers/fbdev_drv.so
[    83.776] (II) Module fbdev: vendor="X.Org Foundation"
[    83.776] 	compiled for 1.20.1, module version = 0.5.0
[    83.776] 	Module class: X.Org Video Driver
[    83.776] 	ABI class: X.Org Video Driver, version 24.0
[    83.776] (II) LoadModule: "vesa"
[    83.776] (II) Loading /usr/lib/xorg/modules/drivers/vesa_drv.so
[    83.810] (II) Module vesa: vendor="X.Org Foundation"
[    83.810] 	compiled for 1.20.4, module version = 2.4.0
[    83.810] 	Module class: X.Org Video Driver
[    83.810] 	ABI class: X.Org Video Driver, version 24.0
[    83.810] (II) modesetting: Driver for Modesetting Kernel Drivers: kms
[    83.810] (II) FBDEV: driver for framebuffer: fbdev
[    83.810] (II) VESA: driver for VESA chipsets: vesa
[    83.810] xf86EnableIOPorts: failed to set IOPL for I/O (Operation not permitted)
[    83.810] (II) modeset(0): using drv /dev/dri/card0
[    83.810] (WW) Falling back to old probe method for fbdev
[    83.810] (II) Loading sub module "fbdevhw"
[    83.810] (II) LoadModule: "fbdevhw"
[    83.811] (II) Loading /usr/lib/xorg/modules/libfbdevhw.so
[    83.877] (II) Module fbdevhw: vendor="X.Org Foundation"
[    83.877] 	compiled for 1.20.13, module version = 0.0.2
[    83.877] 	ABI class: X.Org Video Driver, version 24.1
[    83.877] (EE) open /dev/fb0: Permission denied
[    83.877] (WW) VGA arbiter: cannot open kernel arbiter, no multi-card support
[    83.877] (II) modeset(0): Creating default Display subsection in Screen section
	"Default Screen Section" for depth/fbbpp 24/32
[    83.877] (==) modeset(0): Depth 24, (==) framebuffer bpp 32
[    83.877] (==) modeset(0): RGB weight 888
[    83.877] (==) modeset(0): Default visual is TrueColor
[    83.877] (II) Loading sub module "glamoregl"
[    83.878] (II) LoadModule: "glamoregl"
[    83.878] (II) Loading /usr/lib/xorg/modules/libglamoregl.so
[    83.927] (II) Module glamoregl: vendor="X.Org Foundation"
[    83.927] 	compiled for 1.20.13, module version = 1.0.1
[    83.927] 	ABI class: X.Org ANSI C Emulation, version 0.4
[    84.117] (II) modeset(0): glamor X acceleration enabled on Mesa Intel(R) UHD Graphics 630 (CFL GT2)
[    84.117] (II) modeset(0): glamor initialized
[    84.118] (II) modeset(0): Output DP-1 has no monitor section
[    84.128] (II) modeset(0): Output HDMI-1 has no monitor section
[    84.128] (II) modeset(0): Output DP-2 has no monitor section
[    84.138] (II) modeset(0): Output HDMI-2 has no monitor section
[    84.149] (II) modeset(0): Output DP-3 has no monitor section
[    84.159] (II) modeset(0): Output HDMI-3 has no monitor section
[    84.159] (II) modeset(0): EDID for output DP-1
[    84.170] (II) modeset(0): EDID for output HDMI-1
[    84.170] (II) modeset(0): EDID for output DP-2
[    84.180] (II) modeset(0): EDID for output HDMI-2
[    84.190] (II) modeset(0): EDID for output DP-3
[    84.190] (II) modeset(0): Manufacturer: DEL  Model: a105  Serial#: 810369346
[    84.190] (II) modeset(0): Year: 2018  Week: 45
[    84.190] (II) modeset(0): EDID Version: 1.3
[    84.190] (II) modeset(0): Digital Display Input
[    84.190] (II) modeset(0): Max Image Size [cm]: horiz.: 53  vert.: 30
[    84.190] (II) modeset(0): Gamma: 2.20
[    84.190] (II) modeset(0): DPMS capabilities: StandBy Suspend Off
[    84.190] (II) modeset(0): Supported color encodings: RGB 4:4:4 YCrCb 4:4:4 
[    84.190] (II) modeset(0): First detailed timing is preferred mode
[    84.190] (II) modeset(0): redX: 0.652 redY: 0.336   greenX: 0.321 greenY: 0.610
[    84.190] (II) modeset(0): blueX: 0.153 blueY: 0.061   whiteX: 0.313 whiteY: 0.329
[    84.190] (II) modeset(0): Supported established timings:
[    84.190] (II) modeset(0): 720x400@70Hz
[    84.190] (II) modeset(0): 640x480@60Hz
[    84.190] (II) modeset(0): 640x480@75Hz
[    84.190] (II) modeset(0): 800x600@60Hz
[    84.190] (II) modeset(0): 800x600@75Hz
[    84.190] (II) modeset(0): 1024x768@60Hz
[    84.190] (II) modeset(0): 1024x768@75Hz
[    84.190] (II) modeset(0): 1280x1024@75Hz
[    84.190] (II) modeset(0): Manufacturer's mask: 0
[    84.190] (II) modeset(0): Supported standard timings:
[    84.190] (II) modeset(0): #0: hsize: 1152  vsize 864  refresh: 75  vid: 20337
[    84.190] (II) modeset(0): #1: hsize: 1280  vsize 1024  refresh: 60  vid: 32897
[    84.190] (II) modeset(0): #2: hsize: 1600  vsize 900  refresh: 60  vid: 49321
[    84.190] (II) modeset(0): #3: hsize: 1920  vsize 1080  refresh: 60  vid: 49361
[    84.190] (II) modeset(0): Supported detailed timing:
[    84.190] (II) modeset(0): clock: 148.5 MHz   Image Size:  527 x 296 mm
[    84.190] (II) modeset(0): h_active: 1920  h_sync: 2008  h_sync_end 2052 h_blank_end 2200 h_border: 0
[    84.190] (II) modeset(0): v_active: 1080  v_sync: 1084  v_sync_end 1089 v_blanking: 1125 v_border: 0
[    84.190] (II) modeset(0): Serial No: GXY2M8B60MAB
[    84.190] (II) modeset(0): Monitor name: DELL E2418HN
[    84.190] (II) modeset(0): Ranges: V min: 50 V max: 76 Hz, H min: 30 H max: 83 kHz, PixClock max 175 MHz
[    84.190] (II) modeset(0): Supported detailed timing:
[    84.190] (II) modeset(0): clock: 148.5 MHz   Image Size:  527 x 296 mm
[    84.190] (II) modeset(0): h_active: 1920  h_sync: 2008  h_sync_end 2052 h_blank_end 2200 h_border: 0
[    84.190] (II) modeset(0): v_active: 1080  v_sync: 1084  v_sync_end 1089 v_blanking: 1125 v_border: 0
[    84.190] (II) modeset(0): Supported detailed timing:
[    84.190] (II) modeset(0): clock: 74.2 MHz   Image Size:  527 x 296 mm
[    84.190] (II) modeset(0): h_active: 1920  h_sync: 2008  h_sync_end 2052 h_blank_end 2200 h_border: 0
[    84.190] (II) modeset(0): v_active: 540  v_sync: 542  v_sync_end 547 v_blanking: 562 v_border: 0
[    84.190] (II) modeset(0): Supported detailed timing:
[    84.190] (II) modeset(0): clock: 74.2 MHz   Image Size:  527 x 296 mm
[    84.190] (II) modeset(0): h_active: 1280  h_sync: 1390  h_sync_end 1430 h_blank_end 1650 h_border: 0
[    84.190] (II) modeset(0): v_active: 720  v_sync: 725  v_sync_end 730 v_blanking: 750 v_border: 0
[    84.190] (II) modeset(0): Supported detailed timing:
[    84.190] (II) modeset(0): clock: 27.0 MHz   Image Size:  527 x 296 mm
[    84.191] (II) modeset(0): h_active: 720  h_sync: 736  h_sync_end 798 h_blank_end 858 h_border: 0
[    84.191] (II) modeset(0): v_active: 480  v_sync: 489  v_sync_end 495 v_blanking: 525 v_border: 0
[    84.191] (II) modeset(0): Number of EDID sections to follow: 1
[    84.191] (II) modeset(0): EDID (in hex):
[    84.191] (II) modeset(0): 	00ffffffffffff0010ac05a142414d30
[    84.191] (II) modeset(0): 	2d1c010380351e78ea0565a756529c27
[    84.191] (II) modeset(0): 	0f5054a54b00714f8180a9c0d1c00101
[    84.191] (II) modeset(0): 	010101010101023a801871382d40582c
[    84.191] (II) modeset(0): 	45000f282100001e000000ff00475859
[    84.191] (II) modeset(0): 	324d384236304d41420a000000fc0044
[    84.191] (II) modeset(0): 	454c4c204532343138484e0a000000fd
[    84.191] (II) modeset(0): 	00324c1e5311000a202020202020012e
[    84.191] (II) modeset(0): 	020317b14c9005040302071601141f12
[    84.191] (II) modeset(0): 	1365030c001000023a801871382d4058
[    84.191] (II) modeset(0): 	2c45000f282100001e011d8018711c16
[    84.191] (II) modeset(0): 	20582c25000f282100009e011d007251
[    84.191] (II) modeset(0): 	d01e206e2855000f282100001e8c0ad0
[    84.191] (II) modeset(0): 	8a20e02d10103e96000f282100001800
[    84.191] (II) modeset(0): 	00000000000000000000000000000000
[    84.191] (II) modeset(0): 	0000000000000000000000000000003d
[    84.191] (II) modeset(0): Printing probed modes for output DP-3
[    84.191] (II) modeset(0): Modeline "1920x1080"x60.0  148.50  1920 2008 2052 2200  1080 1084 1089 1125 +hsync +vsync (67.5 kHz eP)
[    84.191] (II) modeset(0): Modeline "1920x1080"x50.0  148.50  1920 2448 2492 2640  1080 1084 1089 1125 +hsync +vsync (56.2 kHz e)
[    84.191] (II) modeset(0): Modeline "1920x1080"x59.9  148.35  1920 2008 2052 2200  1080 1084 1089 1125 +hsync +vsync (67.4 kHz e)
[    84.191] (II) modeset(0): Modeline "1920x1080i"x60.0   74.25  1920 2008 2052 2200  1080 1084 1094 1125 interlace +hsync +vsync (33.8 kHz e)
[    84.191] (II) modeset(0): Modeline "1920x1080i"x50.0   74.25  1920 2448 2492 2640  1080 1084 1094 1125 interlace +hsync +vsync (28.1 kHz e)
[    84.191] (II) modeset(0): Modeline "1920x1080i"x59.9   74.18  1920 2008 2052 2200  1080 1084 1094 1125 interlace +hsync +vsync (33.7 kHz e)
[    84.191] (II) modeset(0): Modeline "1600x900"x60.0  108.00  1600 1624 1704 1800  900 901 904 1000 +hsync +vsync (60.0 kHz e)
[    84.191] (II) modeset(0): Modeline "1280x1024"x75.0  135.00  1280 1296 1440 1688  1024 1025 1028 1066 +hsync +vsync (80.0 kHz e)
[    84.191] (II) modeset(0): Modeline "1280x1024"x60.0  108.00  1280 1328 1440 1688  1024 1025 1028 1066 +hsync +vsync (64.0 kHz e)
[    84.191] (II) modeset(0): Modeline "1152x864"x75.0  108.00  1152 1216 1344 1600  864 865 868 900 +hsync +vsync (67.5 kHz e)
[    84.191] (II) modeset(0): Modeline "1280x720"x60.0   74.25  1280 1390 1430 1650  720 725 730 750 +hsync +vsync (45.0 kHz e)
[    84.191] (II) modeset(0): Modeline "1280x720"x50.0   74.25  1280 1720 1760 1980  720 725 730 750 +hsync +vsync (37.5 kHz e)
[    84.191] (II) modeset(0): Modeline "1280x720"x59.9   74.18  1280 1390 1430 1650  720 725 730 750 +hsync +vsync (45.0 kHz e)
[    84.191] (II) modeset(0): Modeline "1024x768"x75.0   78.75  1024 1040 1136 1312  768 769 772 800 +hsync +vsync (60.0 kHz e)
[    84.191] (II) modeset(0): Modeline "1024x768"x60.0   65.00  1024 1048 1184 1344  768 771 777 806 -hsync -vsync (48.4 kHz e)
[    84.191] (II) modeset(0): Modeline "800x600"x75.0   49.50  800 816 896 1056  600 601 604 625 +hsync +vsync (46.9 kHz e)
[    84.191] (II) modeset(0): Modeline "800x600"x60.3   40.00  800 840 968 1056  600 601 605 628 +hsync +vsync (37.9 kHz e)
[    84.191] (II) modeset(0): Modeline "720x576"x50.0   27.00  720 732 796 864  576 581 586 625 -hsync -vsync (31.2 kHz e)
[    84.191] (II) modeset(0): Modeline "720x480"x60.0   27.03  720 736 798 858  480 489 495 525 -hsync -vsync (31.5 kHz e)
[    84.191] (II) modeset(0): Modeline "720x480"x59.9   27.00  720 736 798 858  480 489 495 525 -hsync -vsync (31.5 kHz e)
[    84.191] (II) modeset(0): Modeline "640x480"x75.0   31.50  640 656 720 840  480 481 484 500 -hsync -vsync (37.5 kHz e)
[    84.191] (II) modeset(0): Modeline "640x480"x60.0   25.20  640 656 752 800  480 490 492 525 -hsync -vsync (31.5 kHz e)
[    84.191] (II) modeset(0): Modeline "640x480"x59.9   25.18  640 656 752 800  480 490 492 525 -hsync -vsync (31.5 kHz e)
[    84.191] (II) modeset(0): Modeline "720x400"x70.1   28.32  720 738 846 900  400 412 414 449 -hsync +vsync (31.5 kHz e)
[    84.201] (II) modeset(0): EDID for output HDMI-3
[    84.201] (II) modeset(0): Output DP-1 disconnected
[    84.201] (II) modeset(0): Output HDMI-1 disconnected
[    84.201] (II) modeset(0): Output DP-2 disconnected
[    84.201] (II) modeset(0): Output HDMI-2 disconnected
[    84.201] (II) modeset(0): Output DP-3 connected
[    84.201] (II) modeset(0): Output HDMI-3 disconnected
[    84.201] (II) modeset(0): Using exact sizes for initial modes
[    84.201] (II) modeset(0): Output DP-3 using initial mode 1920x1080 +0+0
[    84.201] (==) modeset(0): Using gamma correction (1.0, 1.0, 1.0)
[    84.201] (==) modeset(0): DPI set to (96, 96)
[    84.201] (II) Loading sub module "fb"
[    84.201] (II) LoadModule: "fb"
[    84.201] (II) Loading /usr/lib/xorg/modules/libfb.so
[    84.233] (II) Module fb: vendor="X.Org Foundation"
[    84.233] 	compiled for 1.20.13, module version = 1.0.0
[    84.233] 	ABI class: X.Org ANSI C Emulation, version 0.4
[    84.233] (II) UnloadModule: "fbdev"
[    84.233] (II) Unloading fbdev
[    84.233] (II) UnloadSubModule: "fbdevhw"
[    84.233] (II) Unloading fbdevhw
[    84.233] (II) UnloadModule: "vesa"
[    84.233] (II) Unloading vesa
[    84.693] (==) modeset(0): Backing store enabled
[    84.693] (==) modeset(0): Silken mouse enabled
[    84.807] (II) modeset(0): Initializing kms color map for depth 24, 8 bpc.
[    84.807] (==) modeset(0): DPMS enabled
[    84.807] (II) modeset(0): [DRI2] Setup complete
[    84.807] (II) modeset(0): [DRI2]   DRI driver: iris
[    84.807] (II) modeset(0): [DRI2]   VDPAU driver: va_gl
[    84.807] (II) Initializing extension Generic Event Extension
[    84.807] (II) Initializing extension SHAPE
[    84.807] (II) Initializing extension MIT-SHM
[    84.807] (II) Initializing extension XInputExtension
[    84.826] (II) Initializing extension XTEST
[    84.826] (II) Initializing extension BIG-REQUESTS
[    84.826] (II) Initializing extension SYNC
[    84.826] (II) Initializing extension XKEYBOARD
[    84.826] (II) Initializing extension XC-MISC
[    84.826] (II) Initializing extension SECURITY
[    84.826] (II) Initializing extension XFIXES
[    84.827] (II) Initializing extension RENDER
[    84.827] (II) Initializing extension RANDR
[    84.827] (II) Initializing extension COMPOSITE
[    84.827] (II) Initializing extension DAMAGE
[    84.827] (II) Initializing extension MIT-SCREEN-SAVER
[    84.827] (II) Initializing extension DOUBLE-BUFFER
[    84.827] (II) Initializing extension RECORD
[    84.827] (II) Initializing extension DPMS
[    84.827] (II) Initializing extension Present
[    84.827] (II) Initializing extension DRI3
[    84.827] (II) Initializing extension X-Resource
[    84.828] (II) Initializing extension XVideo
[    84.828] (II) Initializing extension XVideo-MotionCompensation
[    84.828] (II) Initializing extension SELinux
[    84.828] (II) SELinux: Disabled on system
[    84.828] (II) Initializing extension GLX
[    84.835] (II) AIGLX: Loaded and initialized iris
[    84.835] (II) GLX: Initialized DRI2 GL provider for screen 0
[    84.835] (II) Initializing extension XFree86-VidModeExtension
[    84.835] (II) Initializing extension XFree86-DGA
[    84.835] (II) Initializing extension XFree86-DRI
[    84.835] (II) Initializing extension DRI2
[    84.836] (II) modeset(0): Damage tracking initialized
[    84.836] (II) modeset(0): Setting screen physical size to 508 x 285
[    84.930] (II) config/udev: Adding input device Power Button (/dev/input/event2)
[    84.930] (**) Power Button: Applying InputClass "libinput keyboard catchall"
[    84.930] (II) LoadModule: "libinput"
[    84.930] (II) Loading /usr/lib/xorg/modules/input/libinput_drv.so
[    84.980] (II) Module libinput: vendor="X.Org Foundation"
[    84.980] 	compiled for 1.20.4, module version = 0.29.0
[    84.980] 	Module class: X.Org XInput Driver
[    84.980] 	ABI class: X.Org XInput driver, version 24.1
[    84.980] (II) Using input driver 'libinput' for 'Power Button'
[    84.980] (II) systemd-logind: got fd for /dev/input/event2 13:66 fd 26 paused 0
[    84.980] (**) Power Button: always reports core events
[    84.980] (**) Option "Device" "/dev/input/event2"
[    84.980] (**) Option "_source" "server/udev"
[    84.982] (II) event2  - Power Button: is tagged by udev as: Keyboard
[    84.982] (II) event2  - Power Button: device is a keyboard
[    84.982] (II) event2  - Power Button: device removed
[    84.982] (**) Option "config_info" "udev:/sys/devices/LNXSYSTM:00/LNXPWRBN:00/input/input2/event2"
[    84.982] (II) XINPUT: Adding extended input device "Power Button" (type: KEYBOARD, id 6)
[    84.982] (**) Option "xkb_model" "pc105"
[    84.982] (**) Option "xkb_layout" "latam"
[    84.999] (II) event2  - Power Button: is tagged by udev as: Keyboard
[    84.999] (II) event2  - Power Button: device is a keyboard
[    84.999] (II) config/udev: Adding input device Video Bus (/dev/input/event9)
[    84.999] (**) Video Bus: Applying InputClass "libinput keyboard catchall"
[    84.999] (II) Using input driver 'libinput' for 'Video Bus'
[    85.000] (II) systemd-logind: got fd for /dev/input/event9 13:73 fd 29 paused 0
[    85.000] (**) Video Bus: always reports core events
[    85.000] (**) Option "Device" "/dev/input/event9"
[    85.000] (**) Option "_source" "server/udev"
[    85.001] (II) event9  - Video Bus: is tagged by udev as: Keyboard
[    85.001] (II) event9  - Video Bus: device is a keyboard
[    85.001] (II) event9  - Video Bus: device removed
[    85.001] (**) Option "config_info" "udev:/sys/devices/LNXSYSTM:00/LNXSYBUS:00/PNP0A08:00/LNXVIDEO:00/input/input9/event9"
[    85.001] (II) XINPUT: Adding extended input device "Video Bus" (type: KEYBOARD, id 7)
[    85.001] (**) Option "xkb_model" "pc105"
[    85.001] (**) Option "xkb_layout" "latam"
[    85.003] (II) event9  - Video Bus: is tagged by udev as: Keyboard
[    85.003] (II) event9  - Video Bus: device is a keyboard
[    85.003] (II) config/udev: Adding input device Power Button (/dev/input/event1)
[    85.003] (**) Power Button: Applying InputClass "libinput keyboard catchall"
[    85.003] (II) Using input driver 'libinput' for 'Power Button'
[    85.006] (II) systemd-logind: got fd for /dev/input/event1 13:65 fd 30 paused 0
[    85.006] (**) Power Button: always reports core events
[    85.006] (**) Option "Device" "/dev/input/event1"
[    85.006] (**) Option "_source" "server/udev"
[    85.007] (II) event1  - Power Button: is tagged by udev as: Keyboard
[    85.007] (II) event1  - Power Button: device is a keyboard
[    85.007] (II) event1  - Power Button: device removed
[    85.007] (**) Option "config_info" "udev:/sys/devices/LNXSYSTM:00/LNXSYBUS:00/PNP0C0C:00/input/input1/event1"
[    85.007] (II) XINPUT: Adding extended input device "Power Button" (type: KEYBOARD, id 8)
[    85.007] (**) Option "xkb_model" "pc105"
[    85.007] (**) Option "xkb_layout" "latam"
[    85.008] (II) event1  - Power Button: is tagged by udev as: Keyboard
[    85.008] (II) event1  - Power Button: device is a keyboard
[    85.009] (II) config/udev: Adding input device Sleep Button (/dev/input/event0)
[    85.009] (**) Sleep Button: Applying InputClass "libinput keyboard catchall"
[    85.009] (II) Using input driver 'libinput' for 'Sleep Button'
[    85.010] (II) systemd-logind: got fd for /dev/input/event0 13:64 fd 31 paused 0
[    85.010] (**) Sleep Button: always reports core events
[    85.010] (**) Option "Device" "/dev/input/event0"
[    85.010] (**) Option "_source" "server/udev"
[    85.010] (II) event0  - Sleep Button: is tagged by udev as: Keyboard
[    85.010] (II) event0  - Sleep Button: device is a keyboard
[    85.011] (II) event0  - Sleep Button: device removed
[    85.011] (**) Option "config_info" "udev:/sys/devices/LNXSYSTM:00/LNXSYBUS:00/PNP0C0E:00/input/input0/event0"
[    85.011] (II) XINPUT: Adding extended input device "Sleep Button" (type: KEYBOARD, id 9)
[    85.011] (**) Option "xkb_model" "pc105"
[    85.011] (**) Option "xkb_layout" "latam"
[    85.012] (II) event0  - Sleep Button: is tagged by udev as: Keyboard
[    85.012] (II) event0  - Sleep Button: device is a keyboard
[    85.013] (II) config/udev: Adding input device DP-3 (/dev/input/event10)
[    85.013] (**) DP-3: Applying InputClass "libinput keyboard catchall"
[    85.013] (II) Using input driver 'libinput' for 'DP-3'
[    85.013] (II) systemd-logind: got fd for /dev/input/event10 13:74 fd 32 paused 0
[    85.013] (**) DP-3: always reports core events
[    85.013] (**) Option "Device" "/dev/input/event10"
[    85.013] (**) Option "_source" "server/udev"
[    85.014] (II) event10 - DP-3: is tagged by udev as: Keyboard Pointingstick
[    85.015] (II) event10 - DP-3: device is a pointer
[    85.015] (II) event10 - DP-3: device is a keyboard
[    85.015] (II) event10 - DP-3: device removed
[    85.015] (II) libinput: DP-3: needs a virtual subdevice
[    85.015] (**) Option "config_info" "udev:/sys/devices/pci0000:00/0000:00:02.0/rc/rc0/input10/event10"
[    85.015] (II) XINPUT: Adding extended input device "DP-3" (type: MOUSE, id 10)
[    85.015] (**) Option "AccelerationScheme" "none"
[    85.015] (**) DP-3: (accel) selected scheme none/0
[    85.015] (**) DP-3: (accel) acceleration factor: 2.000
[    85.015] (**) DP-3: (accel) acceleration threshold: 4
[    85.016] (II) event10 - DP-3: is tagged by udev as: Keyboard Pointingstick
[    85.016] (II) event10 - DP-3: device is a pointer
[    85.016] (II) event10 - DP-3: device is a keyboard
[    85.017] (II) config/udev: Adding input device Dell KB216 Wired Keyboard (/dev/input/event3)
[    85.017] (**) Dell KB216 Wired Keyboard: Applying InputClass "libinput keyboard catchall"
[    85.017] (II) Using input driver 'libinput' for 'Dell KB216 Wired Keyboard'
[    85.018] (II) systemd-logind: got fd for /dev/input/event3 13:67 fd 33 paused 0
[    85.018] (**) Dell KB216 Wired Keyboard: always reports core events
[    85.018] (**) Option "Device" "/dev/input/event3"
[    85.018] (**) Option "_source" "server/udev"
[    85.020] (II) event3  - Dell KB216 Wired Keyboard: is tagged by udev as: Keyboard
[    85.020] (II) event3  - Dell KB216 Wired Keyboard: device is a keyboard
[    85.020] (II) event3  - Dell KB216 Wired Keyboard: device removed
[    85.020] (**) Option "config_info" "udev:/sys/devices/pci0000:00/0000:00:14.0/usb1/1-11/1-11:1.0/0003:413C:2113.0001/input/input3/event3"
[    85.020] (II) XINPUT: Adding extended input device "Dell KB216 Wired Keyboard" (type: KEYBOARD, id 11)
[    85.020] (**) Option "xkb_model" "pc105"
[    85.020] (**) Option "xkb_layout" "latam"
[    85.022] (II) event3  - Dell KB216 Wired Keyboard: is tagged by udev as: Keyboard
[    85.022] (II) event3  - Dell KB216 Wired Keyboard: device is a keyboard
[    85.023] (II) config/udev: Adding input device Dell KB216 Wired Keyboard System Control (/dev/input/event4)
[    85.023] (**) Dell KB216 Wired Keyboard System Control: Applying InputClass "libinput keyboard catchall"
[    85.023] (II) Using input driver 'libinput' for 'Dell KB216 Wired Keyboard System Control'
[    85.023] (II) systemd-logind: got fd for /dev/input/event4 13:68 fd 34 paused 0
[    85.023] (**) Dell KB216 Wired Keyboard System Control: always reports core events
[    85.023] (**) Option "Device" "/dev/input/event4"
[    85.023] (**) Option "_source" "server/udev"
[    85.025] (II) event4  - Dell KB216 Wired Keyboard System Control: is tagged by udev as: Keyboard
[    85.025] (II) event4  - Dell KB216 Wired Keyboard System Control: device is a keyboard
[    85.025] (II) event4  - Dell KB216 Wired Keyboard System Control: device removed
[    85.025] (**) Option "config_info" "udev:/sys/devices/pci0000:00/0000:00:14.0/usb1/1-11/1-11:1.1/0003:413C:2113.0002/input/input4/event4"
[    85.025] (II) XINPUT: Adding extended input device "Dell KB216 Wired Keyboard System Control" (type: KEYBOARD, id 12)
[    85.025] (**) Option "xkb_model" "pc105"
[    85.025] (**) Option "xkb_layout" "latam"
[    85.027] (II) event4  - Dell KB216 Wired Keyboard System Control: is tagged by udev as: Keyboard
[    85.027] (II) event4  - Dell KB216 Wired Keyboard System Control: device is a keyboard
[    85.028] (II) config/udev: Adding input device Dell KB216 Wired Keyboard Consumer Control (/dev/input/event5)
[    85.028] (**) Dell KB216 Wired Keyboard Consumer Control: Applying InputClass "libinput keyboard catchall"
[    85.028] (II) Using input driver 'libinput' for 'Dell KB216 Wired Keyboard Consumer Control'
[    85.029] (II) systemd-logind: got fd for /dev/input/event5 13:69 fd 35 paused 0
[    85.029] (**) Dell KB216 Wired Keyboard Consumer Control: always reports core events
[    85.029] (**) Option "Device" "/dev/input/event5"
[    85.029] (**) Option "_source" "server/udev"
[    85.030] (II) event5  - Dell KB216 Wired Keyboard Consumer Control: is tagged by udev as: Keyboard
[    85.030] (II) event5  - Dell KB216 Wired Keyboard Consumer Control: device is a keyboard
[    85.031] (II) event5  - Dell KB216 Wired Keyboard Consumer Control: device removed
[    85.031] (II) libinput: Dell KB216 Wired Keyboard Consumer Control: needs a virtual subdevice
[    85.031] (**) Option "config_info" "udev:/sys/devices/pci0000:00/0000:00:14.0/usb1/1-11/1-11:1.1/0003:413C:2113.0002/input/input5/event5"
[    85.031] (II) XINPUT: Adding extended input device "Dell KB216 Wired Keyboard Consumer Control" (type: MOUSE, id 13)
[    85.031] (**) Option "AccelerationScheme" "none"
[    85.031] (**) Dell KB216 Wired Keyboard Consumer Control: (accel) selected scheme none/0
[    85.031] (**) Dell KB216 Wired Keyboard Consumer Control: (accel) acceleration factor: 2.000
[    85.031] (**) Dell KB216 Wired Keyboard Consumer Control: (accel) acceleration threshold: 4
[    85.032] (II) event5  - Dell KB216 Wired Keyboard Consumer Control: is tagged by udev as: Keyboard
[    85.032] (II) event5  - Dell KB216 Wired Keyboard Consumer Control: device is a keyboard
[    85.033] (II) config/udev: Adding input device PixArt Dell MS116 USB Optical Mouse (/dev/input/event6)
[    85.033] (**) PixArt Dell MS116 USB Optical Mouse: Applying InputClass "libinput pointer catchall"
[    85.033] (II) Using input driver 'libinput' for 'PixArt Dell MS116 USB Optical Mouse'
[    85.034] (II) systemd-logind: got fd for /dev/input/event6 13:70 fd 36 paused 0
[    85.034] (**) PixArt Dell MS116 USB Optical Mouse: always reports core events
[    85.034] (**) Option "Device" "/dev/input/event6"
[    85.034] (**) Option "_source" "server/udev"
[    85.036] (II) event6  - PixArt Dell MS116 USB Optical Mouse: is tagged by udev as: Mouse
[    85.036] (II) event6  - PixArt Dell MS116 USB Optical Mouse: device set to 1000 DPI
[    85.036] (II) event6  - PixArt Dell MS116 USB Optical Mouse: device is a pointer
[    85.036] (II) event6  - PixArt Dell MS116 USB Optical Mouse: device removed
[    85.036] (**) Option "config_info" "udev:/sys/devices/pci0000:00/0000:00:14.0/usb1/1-12/1-12:1.0/0003:413C:301A.0003/input/input6/event6"
[    85.036] (II) XINPUT: Adding extended input device "PixArt Dell MS116 USB Optical Mouse" (type: MOUSE, id 14)
[    85.036] (**) Option "AccelerationScheme" "none"
[    85.036] (**) PixArt Dell MS116 USB Optical Mouse: (accel) selected scheme none/0
[    85.036] (**) PixArt Dell MS116 USB Optical Mouse: (accel) acceleration factor: 2.000
[    85.036] (**) PixArt Dell MS116 USB Optical Mouse: (accel) acceleration threshold: 4
[    85.038] (II) event6  - PixArt Dell MS116 USB Optical Mouse: is tagged by udev as: Mouse
[    85.038] (II) event6  - PixArt Dell MS116 USB Optical Mouse: device set to 1000 DPI
[    85.038] (II) event6  - PixArt Dell MS116 USB Optical Mouse: device is a pointer
[    85.038] (II) config/udev: Adding input device PixArt Dell MS116 USB Optical Mouse (/dev/input/mouse0)
[    85.038] (II) No input driver specified, ignoring this device.
[    85.038] (II) This device may have been added with another device file.
[    85.039] (II) config/udev: Adding input device HDA Intel PCH Headphone Mic (/dev/input/event11)
[    85.039] (II) No input driver specified, ignoring this device.
[    85.039] (II) This device may have been added with another device file.
[    85.039] (II) config/udev: Adding input device HDA Intel PCH Line Out (/dev/input/event12)
[    85.039] (II) No input driver specified, ignoring this device.
[    85.039] (II) This device may have been added with another device file.
[    85.040] (II) config/udev: Adding input device HDA Intel PCH HDMI/DP,pcm=3 (/dev/input/event13)
[    85.040] (II) No input driver specified, ignoring this device.
[    85.040] (II) This device may have been added with another device file.
[    85.040] (II) config/udev: Adding input device HDA Intel PCH HDMI/DP,pcm=7 (/dev/input/event14)
[    85.040] (II) No input driver specified, ignoring this device.
[    85.040] (II) This device may have been added with another device file.
[    85.040] (II) config/udev: Adding input device HDA Intel PCH HDMI/DP,pcm=8 (/dev/input/event15)
[    85.040] (II) No input driver specified, ignoring this device.
[    85.040] (II) This device may have been added with another device file.
[    85.040] (II) config/udev: Adding input device HDA Intel PCH HDMI/DP,pcm=9 (/dev/input/event16)
[    85.040] (II) No input driver specified, ignoring this device.
[    85.040] (II) This device may have been added with another device file.
[    85.041] (II) config/udev: Adding input device HDA Intel PCH HDMI/DP,pcm=10 (/dev/input/event17)
[    85.041] (II) No input driver specified, ignoring this device.
[    85.041] (II) This device may have been added with another device file.
[    85.041] (II) config/udev: Adding input device Dell WMI hotkeys (/dev/input/event8)
[    85.041] (**) Dell WMI hotkeys: Applying InputClass "libinput keyboard catchall"
[    85.041] (II) Using input driver 'libinput' for 'Dell WMI hotkeys'
[    85.042] (II) systemd-logind: got fd for /dev/input/event8 13:72 fd 37 paused 0
[    85.042] (**) Dell WMI hotkeys: always reports core events
[    85.042] (**) Option "Device" "/dev/input/event8"
[    85.042] (**) Option "_source" "server/udev"
[    85.042] (II) event8  - Dell WMI hotkeys: is tagged by udev as: Keyboard
[    85.043] (II) event8  - Dell WMI hotkeys: device is a keyboard
[    85.043] (II) event8  - Dell WMI hotkeys: device removed
[    85.043] (**) Option "config_info" "udev:/sys/devices/platform/PNP0C14:04/wmi_bus/wmi_bus-PNP0C14:04/9DBB5994-A997-11DA-B012-B622A1EF5492/input/input8/event8"
[    85.043] (II) XINPUT: Adding extended input device "Dell WMI hotkeys" (type: KEYBOARD, id 15)
[    85.043] (**) Option "xkb_model" "pc105"
[    85.043] (**) Option "xkb_layout" "latam"
[    85.044] (II) event8  - Dell WMI hotkeys: is tagged by udev as: Keyboard
[    85.044] (II) event8  - Dell WMI hotkeys: device is a keyboard
[    85.045] (II) config/udev: Adding input device Dell AIO WMI hotkeys (/dev/input/event7)
[    85.045] (**) Dell AIO WMI hotkeys: Applying InputClass "libinput keyboard catchall"
[    85.046] (II) Using input driver 'libinput' for 'Dell AIO WMI hotkeys'
[    85.046] (II) systemd-logind: got fd for /dev/input/event7 13:71 fd 38 paused 0
[    85.046] (**) Dell AIO WMI hotkeys: always reports core events
[    85.046] (**) Option "Device" "/dev/input/event7"
[    85.046] (**) Option "_source" "server/udev"
[    85.046] (II) event7  - Dell AIO WMI hotkeys: is tagged by udev as: Keyboard
[    85.046] (II) event7  - Dell AIO WMI hotkeys: device is a keyboard
[    85.047] (II) event7  - Dell AIO WMI hotkeys: device removed
[    85.047] (**) Option "config_info" "udev:/sys/devices/virtual/input/input7/event7"
[    85.047] (II) XINPUT: Adding extended input device "Dell AIO WMI hotkeys" (type: KEYBOARD, id 16)
[    85.047] (**) Option "xkb_model" "pc105"
[    85.047] (**) Option "xkb_layout" "latam"
[    85.047] (II) event7  - Dell AIO WMI hotkeys: is tagged by udev as: Keyboard
[    85.047] (II) event7  - Dell AIO WMI hotkeys: device is a keyboard
[    85.057] (**) DP-3: Applying InputClass "libinput keyboard catchall"
[    85.057] (II) Using input driver 'libinput' for 'DP-3'
[    85.057] (II) systemd-logind: returning pre-existing fd for /dev/input/event10 13:74
[    85.057] (**) DP-3: always reports core events
[    85.057] (**) Option "Device" "/dev/input/event10"
[    85.057] (**) Option "_source" "_driver/libinput"
[    85.057] (II) libinput: DP-3: is a virtual subdevice
[    85.057] (**) Option "config_info" "udev:/sys/devices/pci0000:00/0000:00:02.0/rc/rc0/input10/event10"
[    85.057] (II) XINPUT: Adding extended input device "DP-3" (type: KEYBOARD, id 17)
[    85.057] (**) Option "xkb_model" "pc105"
[    85.057] (**) Option "xkb_layout" "latam"
[    85.057] (**) Dell KB216 Wired Keyboard Consumer Control: Applying InputClass "libinput keyboard catchall"
[    85.057] (II) Using input driver 'libinput' for 'Dell KB216 Wired Keyboard Consumer Control'
[    85.057] (II) systemd-logind: returning pre-existing fd for /dev/input/event5 13:69
[    85.057] (**) Dell KB216 Wired Keyboard Consumer Control: always reports core events
[    85.057] (**) Option "Device" "/dev/input/event5"
[    85.057] (**) Option "_source" "_driver/libinput"
[    85.057] (II) libinput: Dell KB216 Wired Keyboard Consumer Control: is a virtual subdevice
[    85.057] (**) Option "config_info" "udev:/sys/devices/pci0000:00/0000:00:14.0/usb1/1-11/1-11:1.1/0003:413C:2113.0002/input/input5/event5"
[    85.057] (II) XINPUT: Adding extended input device "Dell KB216 Wired Keyboard Consumer Control" (type: KEYBOARD, id 18)
[    85.057] (**) Option "xkb_model" "pc105"
[    85.057] (**) Option "xkb_layout" "latam"
[    87.869] (II) modeset(0): EDID vendor "DEL", prod id 41221
[    87.869] (II) modeset(0): Using EDID range info for horizontal sync
[    87.869] (II) modeset(0): Using EDID range info for vertical refresh
[    87.869] (II) modeset(0): Printing DDC gathered Modelines:
[    87.869] (II) modeset(0): Modeline "1920x1080"x0.0  148.50  1920 2008 2052 2200  1080 1084 1089 1125 +hsync +vsync (67.5 kHz eP)
[    87.869] (II) modeset(0): Modeline "1920x1080i"x0.0   74.25  1920 2008 2052 2200  1080 1084 1094 1125 interlace +hsync +vsync (33.8 kHz e)
[    87.869] (II) modeset(0): Modeline "1280x720"x0.0   74.25  1280 1390 1430 1650  720 725 730 750 +hsync +vsync (45.0 kHz e)
[    87.869] (II) modeset(0): Modeline "720x480"x0.0   27.00  720 736 798 858  480 489 495 525 -hsync -vsync (31.5 kHz e)
[    87.869] (II) modeset(0): Modeline "1440x480i"x0.0   27.00  1440 1478 1602 1716  480 488 494 525 interlace -hsync -vsync (15.7 kHz e)
[    87.869] (II) modeset(0): Modeline "1440x576i"x0.0   27.00  1440 1464 1590 1728  576 580 586 625 interlace -hsync -vsync (15.6 kHz e)
[    87.869] (II) modeset(0): Modeline "640x480"x0.0   25.18  640 656 752 800  480 490 492 525 -hsync -vsync (31.5 kHz e)
[    87.869] (II) modeset(0): Modeline "1920x1080i"x0.0   74.25  1920 2448 2492 2640  1080 1084 1094 1125 interlace +hsync +vsync (28.1 kHz e)
[    87.869] (II) modeset(0): Modeline "1920x1080"x0.0  148.50  1920 2448 2492 2640  1080 1084 1089 1125 +hsync +vsync (56.2 kHz e)
[    87.869] (II) modeset(0): Modeline "720x576"x0.0   27.00  720 732 796 864  576 581 586 625 -hsync -vsync (31.2 kHz e)
[    87.869] (II) modeset(0): Modeline "1280x720"x0.0   74.25  1280 1720 1760 1980  720 725 730 750 +hsync +vsync (37.5 kHz e)
[    87.869] (II) modeset(0): Modeline "800x600"x0.0   40.00  800 840 968 1056  600 601 605 628 +hsync +vsync (37.9 kHz e)
[    87.869] (II) modeset(0): Modeline "640x480"x0.0   31.50  640 656 720 840  480 481 484 500 -hsync -vsync (37.5 kHz e)
[    87.869] (II) modeset(0): Modeline "720x400"x0.0   28.32  720 738 846 900  400 412 414 449 -hsync +vsync (31.5 kHz e)
[    87.869] (II) modeset(0): Modeline "1280x1024"x0.0  135.00  1280 1296 1440 1688  1024 1025 1028 1066 +hsync +vsync (80.0 kHz e)
[    87.869] (II) modeset(0): Modeline "1024x768"x0.0   78.75  1024 1040 1136 1312  768 769 772 800 +hsync +vsync (60.0 kHz e)
[    87.869] (II) modeset(0): Modeline "1024x768"x0.0   65.00  1024 1048 1184 1344  768 771 777 806 -hsync -vsync (48.4 kHz e)
[    87.869] (II) modeset(0): Modeline "800x600"x0.0   49.50  800 816 896 1056  600 601 604 625 +hsync +vsync (46.9 kHz e)
[    87.869] (II) modeset(0): Modeline "1152x864"x0.0  108.00  1152 1216 1344 1600  864 865 868 900 +hsync +vsync (67.5 kHz e)
[    87.869] (II) modeset(0): Modeline "1280x1024"x0.0  108.00  1280 1328 1440 1688  1024 1025 1028 1066 +hsync +vsync (64.0 kHz e)
[    87.869] (II) modeset(0): Modeline "1600x900"x60.0  119.00  1600 1696 1864 2128  900 901 904 932 -hsync +vsync (55.9 kHz e)
[    89.278] (II) modeset(0): EDID vendor "DEL", prod id 41221
[    89.278] (II) modeset(0): Using hsync ranges from config file
[    89.278] (II) modeset(0): Using vrefresh ranges from config file
[    89.278] (II) modeset(0): Printing DDC gathered Modelines:
[    89.278] (II) modeset(0): Modeline "1920x1080"x0.0  148.50  1920 2008 2052 2200  1080 1084 1089 1125 +hsync +vsync (67.5 kHz eP)
[    89.278] (II) modeset(0): Modeline "1920x1080i"x0.0   74.25  1920 2008 2052 2200  1080 1084 1094 1125 interlace +hsync +vsync (33.8 kHz e)
[    89.278] (II) modeset(0): Modeline "1280x720"x0.0   74.25  1280 1390 1430 1650  720 725 730 750 +hsync +vsync (45.0 kHz e)
[    89.278] (II) modeset(0): Modeline "720x480"x0.0   27.00  720 736 798 858  480 489 495 525 -hsync -vsync (31.5 kHz e)
[    89.278] (II) modeset(0): Modeline "1440x480i"x0.0   27.00  1440 1478 1602 1716  480 488 494 525 interlace -hsync -vsync (15.7 kHz e)
[    89.278] (II) modeset(0): Modeline "1440x576i"x0.0   27.00  1440 1464 1590 1728  576 580 586 625 interlace -hsync -vsync (15.6 kHz e)
[    89.278] (II) modeset(0): Modeline "640x480"x0.0   25.18  640 656 752 800  480 490 492 525 -hsync -vsync (31.5 kHz e)
[    89.278] (II) modeset(0): Modeline "1920x1080i"x0.0   74.25  1920 2448 2492 2640  1080 1084 1094 1125 interlace +hsync +vsync (28.1 kHz e)
[    89.278] (II) modeset(0): Modeline "1920x1080"x0.0  148.50  1920 2448 2492 2640  1080 1084 1089 1125 +hsync +vsync (56.2 kHz e)
[    89.278] (II) modeset(0): Modeline "720x576"x0.0   27.00  720 732 796 864  576 581 586 625 -hsync -vsync (31.2 kHz e)
[    89.278] (II) modeset(0): Modeline "1280x720"x0.0   74.25  1280 1720 1760 1980  720 725 730 750 +hsync +vsync (37.5 kHz e)
[    89.278] (II) modeset(0): Modeline "800x600"x0.0   40.00  800 840 968 1056  600 601 605 628 +hsync +vsync (37.9 kHz e)
[    89.278] (II) modeset(0): Modeline "640x480"x0.0   31.50  640 656 720 840  480 481 484 500 -hsync -vsync (37.5 kHz e)
[    89.278] (II) modeset(0): Modeline "720x400"x0.0   28.32  720 738 846 900  400 412 414 449 -hsync +vsync (31.5 kHz e)
[    89.278] (II) modeset(0): Modeline "1280x1024"x0.0  135.00  1280 1296 1440 1688  1024 1025 1028 1066 +hsync +vsync (80.0 kHz e)
[    89.278] (II) modeset(0): Modeline "1024x768"x0.0   78.75  1024 1040 1136 1312  768 769 772 800 +hsync +vsync (60.0 kHz e)
[    89.278] (II) modeset(0): Modeline "1024x768"x0.0   65.00  1024 1048 1184 1344  768 771 777 806 -hsync -vsync (48.4 kHz e)
[    89.278] (II) modeset(0): Modeline "800x600"x0.0   49.50  800 816 896 1056  600 601 604 625 +hsync +vsync (46.9 kHz e)
[    89.278] (II) modeset(0): Modeline "1152x864"x0.0  108.00  1152 1216 1344 1600  864 865 868 900 +hsync +vsync (67.5 kHz e)
[    89.278] (II) modeset(0): Modeline "1280x1024"x0.0  108.00  1280 1328 1440 1688  1024 1025 1028 1066 +hsync +vsync (64.0 kHz e)
[    89.278] (II) modeset(0): Modeline "1600x900"x60.0  119.00  1600 1696 1864 2128  900 901 904 932 -hsync +vsync (55.9 kHz e)
[  3256.827] (II) modeset(0): EDID vendor "DEL", prod id 41221
[  3256.827] (II) modeset(0): Using hsync ranges from config file
[  3256.827] (II) modeset(0): Using vrefresh ranges from config file
[  3256.827] (II) modeset(0): Printing DDC gathered Modelines:
[  3256.827] (II) modeset(0): Modeline "1920x1080"x0.0  148.50  1920 2008 2052 2200  1080 1084 1089 1125 +hsync +vsync (67.5 kHz eP)
[  3256.827] (II) modeset(0): Modeline "1920x1080i"x0.0   74.25  1920 2008 2052 2200  1080 1084 1094 1125 interlace +hsync +vsync (33.8 kHz e)
[  3256.827] (II) modeset(0): Modeline "1280x720"x0.0   74.25  1280 1390 1430 1650  720 725 730 750 +hsync +vsync (45.0 kHz e)
[  3256.827] (II) modeset(0): Modeline "720x480"x0.0   27.00  720 736 798 858  480 489 495 525 -hsync -vsync (31.5 kHz e)
[  3256.827] (II) modeset(0): Modeline "1440x480i"x0.0   27.00  1440 1478 1602 1716  480 488 494 525 interlace -hsync -vsync (15.7 kHz e)
[  3256.827] (II) modeset(0): Modeline "1440x576i"x0.0   27.00  1440 1464 1590 1728  576 580 586 625 interlace -hsync -vsync (15.6 kHz e)
[  3256.827] (II) modeset(0): Modeline "640x480"x0.0   25.18  640 656 752 800  480 490 492 525 -hsync -vsync (31.5 kHz e)
[  3256.827] (II) modeset(0): Modeline "1920x1080i"x0.0   74.25  1920 2448 2492 2640  1080 1084 1094 1125 interlace +hsync +vsync (28.1 kHz e)
[  3256.827] (II) modeset(0): Modeline "1920x1080"x0.0  148.50  1920 2448 2492 2640  1080 1084 1089 1125 +hsync +vsync (56.2 kHz e)
[  3256.827] (II) modeset(0): Modeline "720x576"x0.0   27.00  720 732 796 864  576 581 586 625 -hsync -vsync (31.2 kHz e)
[  3256.827] (II) modeset(0): Modeline "1280x720"x0.0   74.25  1280 1720 1760 1980  720 725 730 750 +hsync +vsync (37.5 kHz e)
[  3256.827] (II) modeset(0): Modeline "800x600"x0.0   40.00  800 840 968 1056  600 601 605 628 +hsync +vsync (37.9 kHz e)
[  3256.827] (II) modeset(0): Modeline "640x480"x0.0   31.50  640 656 720 840  480 481 484 500 -hsync -vsync (37.5 kHz e)
[  3256.827] (II) modeset(0): Modeline "720x400"x0.0   28.32  720 738 846 900  400 412 414 449 -hsync +vsync (31.5 kHz e)
[  3256.827] (II) modeset(0): Modeline "1280x1024"x0.0  135.00  1280 1296 1440 1688  1024 1025 1028 1066 +hsync +vsync (80.0 kHz e)
[  3256.827] (II) modeset(0): Modeline "1024x768"x0.0   78.75  1024 1040 1136 1312  768 769 772 800 +hsync +vsync (60.0 kHz e)
[  3256.827] (II) modeset(0): Modeline "1024x768"x0.0   65.00  1024 1048 1184 1344  768 771 777 806 -hsync -vsync (48.4 kHz e)
[  3256.827] (II) modeset(0): Modeline "800x600"x0.0   49.50  800 816 896 1056  600 601 604 625 +hsync +vsync (46.9 kHz e)
[  3256.827] (II) modeset(0): Modeline "1152x864"x0.0  108.00  1152 1216 1344 1600  864 865 868 900 +hsync +vsync (67.5 kHz e)
[  3256.827] (II) modeset(0): Modeline "1280x1024"x0.0  108.00  1280 1328 1440 1688  1024 1025 1028 1066 +hsync +vsync (64.0 kHz e)
[  3256.827] (II) modeset(0): Modeline "1600x900"x60.0  119.00  1600 1696 1864 2128  900 901 904 932 -hsync +vsync (55.9 kHz e)
[  3256.916] (II) modeset(0): EDID vendor "DEL", prod id 41221
[  3256.916] (II) modeset(0): Using hsync ranges from config file
[  3256.916] (II) modeset(0): Using vrefresh ranges from config file
[  3256.916] (II) modeset(0): Printing DDC gathered Modelines:
[  3256.916] (II) modeset(0): Modeline "1920x1080"x0.0  148.50  1920 2008 2052 2200  1080 1084 1089 1125 +hsync +vsync (67.5 kHz eP)
[  3256.916] (II) modeset(0): Modeline "1920x1080i"x0.0   74.25  1920 2008 2052 2200  1080 1084 1094 1125 interlace +hsync +vsync (33.8 kHz e)
[  3256.916] (II) modeset(0): Modeline "1280x720"x0.0   74.25  1280 1390 1430 1650  720 725 730 750 +hsync +vsync (45.0 kHz e)
[  3256.916] (II) modeset(0): Modeline "720x480"x0.0   27.00  720 736 798 858  480 489 495 525 -hsync -vsync (31.5 kHz e)
[  3256.916] (II) modeset(0): Modeline "1440x480i"x0.0   27.00  1440 1478 1602 1716  480 488 494 525 interlace -hsync -vsync (15.7 kHz e)
[  3256.916] (II) modeset(0): Modeline "1440x576i"x0.0   27.00  1440 1464 1590 1728  576 580 586 625 interlace -hsync -vsync (15.6 kHz e)
[  3256.916] (II) modeset(0): Modeline "640x480"x0.0   25.18  640 656 752 800  480 490 492 525 -hsync -vsync (31.5 kHz e)
[  3256.916] (II) modeset(0): Modeline "1920x1080i"x0.0   74.25  1920 2448 2492 2640  1080 1084 1094 1125 interlace +hsync +vsync (28.1 kHz e)
[  3256.916] (II) modeset(0): Modeline "1920x1080"x0.0  148.50  1920 2448 2492 2640  1080 1084 1089 1125 +hsync +vsync (56.2 kHz e)
[  3256.916] (II) modeset(0): Modeline "720x576"x0.0   27.00  720 732 796 864  576 581 586 625 -hsync -vsync (31.2 kHz e)
[  3256.916] (II) modeset(0): Modeline "1280x720"x0.0   74.25  1280 1720 1760 1980  720 725 730 750 +hsync +vsync (37.5 kHz e)
[  3256.916] (II) modeset(0): Modeline "800x600"x0.0   40.00  800 840 968 1056  600 601 605 628 +hsync +vsync (37.9 kHz e)
[  3256.916] (II) modeset(0): Modeline "640x480"x0.0   31.50  640 656 720 840  480 481 484 500 -hsync -vsync (37.5 kHz e)
[  3256.916] (II) modeset(0): Modeline "720x400"x0.0   28.32  720 738 846 900  400 412 414 449 -hsync +vsync (31.5 kHz e)
[  3256.916] (II) modeset(0): Modeline "1280x1024"x0.0  135.00  1280 1296 1440 1688  1024 1025 1028 1066 +hsync +vsync (80.0 kHz e)
[  3256.916] (II) modeset(0): Modeline "1024x768"x0.0   78.75  1024 1040 1136 1312  768 769 772 800 +hsync +vsync (60.0 kHz e)
[  3256.916] (II) modeset(0): Modeline "1024x768"x0.0   65.00  1024 1048 1184 1344  768 771 777 806 -hsync -vsync (48.4 kHz e)
[  3256.916] (II) modeset(0): Modeline "800x600"x0.0   49.50  800 816 896 1056  600 601 604 625 +hsync +vsync (46.9 kHz e)
[  3256.916] (II) modeset(0): Modeline "1152x864"x0.0  108.00  1152 1216 1344 1600  864 865 868 900 +hsync +vsync (67.5 kHz e)
[  3256.916] (II) modeset(0): Modeline "1280x1024"x0.0  108.00  1280 1328 1440 1688  1024 1025 1028 1066 +hsync +vsync (64.0 kHz e)
[  3256.916] (II) modeset(0): Modeline "1600x900"x60.0  119.00  1600 1696 1864 2128  900 901 904 932 -hsync +vsync (55.9 kHz e)
